{"/workspaces/Gerenciamento-estoque/services/addEmployeeService.ts": {"path":"/workspaces/Gerenciamento-estoque/services/addEmployeeService.ts","all":false,"statementMap":{"0":{"start":{"line":1,"column":0},"end":{"line":1,"column":55}},"1":{"start":{"line":2,"column":0},"end":{"line":2,"column":27}},"2":{"start":{"line":3,"column":0},"end":{"line":3,"column":15}},"3":{"start":{"line":4,"column":0},"end":{"line":4,"column":17}},"4":{"start":{"line":5,"column":0},"end":{"line":5,"column":21}},"5":{"start":{"line":6,"column":0},"end":{"line":6,"column":1}},"6":{"start":{"line":7,"column":0},"end":{"line":7,"column":0}},"7":{"start":{"line":8,"column":0},"end":{"line":8,"column":38}},"8":{"start":{"line":9,"column":0},"end":{"line":9,"column":0}},"9":{"start":{"line":10,"column":0},"end":{"line":10,"column":78}},"10":{"start":{"line":11,"column":0},"end":{"line":11,"column":29}},"11":{"start":{"line":12,"column":0},"end":{"line":12,"column":58}},"12":{"start":{"line":13,"column":0},"end":{"line":13,"column":5}},"13":{"start":{"line":14,"column":0},"end":{"line":14,"column":35}},"14":{"start":{"line":15,"column":0},"end":{"line":15,"column":23}},"15":{"start":{"line":16,"column":0},"end":{"line":16,"column":13}},"16":{"start":{"line":17,"column":0},"end":{"line":17,"column":16}},"17":{"start":{"line":18,"column":0},"end":{"line":18,"column":6}},"18":{"start":{"line":19,"column":0},"end":{"line":19,"column":39}},"19":{"start":{"line":20,"column":0},"end":{"line":20,"column":23}},"20":{"start":{"line":21,"column":0},"end":{"line":21,"column":1}},"21":{"start":{"line":22,"column":0},"end":{"line":22,"column":0}},"22":{"start":{"line":23,"column":0},"end":{"line":23,"column":51}},"23":{"start":{"line":24,"column":0},"end":{"line":24,"column":28}},"24":{"start":{"line":25,"column":0},"end":{"line":25,"column":1}}},"s":{"0":1,"1":1,"2":1,"3":1,"4":1,"5":1,"6":1,"7":1,"8":1,"9":3,"10":3,"11":2,"12":2,"13":1,"14":1,"15":1,"16":1,"17":1,"18":1,"19":1,"20":1,"21":1,"22":4,"23":4,"24":4},"branchMap":{"0":{"type":"branch","line":10,"loc":{"start":{"line":10,"column":0},"end":{"line":21,"column":1}},"locations":[{"start":{"line":10,"column":0},"end":{"line":21,"column":1}}]},"1":{"type":"branch","line":11,"loc":{"start":{"line":11,"column":13},"end":{"line":11,"column":26}},"locations":[{"start":{"line":11,"column":13},"end":{"line":11,"column":26}}]},"2":{"type":"branch","line":11,"loc":{"start":{"line":11,"column":28},"end":{"line":13,"column":5}},"locations":[{"start":{"line":11,"column":28},"end":{"line":13,"column":5}}]},"3":{"type":"branch","line":14,"loc":{"start":{"line":14,"column":-1},"end":{"line":21,"column":1}},"locations":[{"start":{"line":14,"column":-1},"end":{"line":21,"column":1}}]},"4":{"type":"branch","line":23,"loc":{"start":{"line":23,"column":0},"end":{"line":25,"column":1}},"locations":[{"start":{"line":23,"column":0},"end":{"line":25,"column":1}}]}},"b":{"0":[3],"1":[2],"2":[2],"3":[1],"4":[4]},"fnMap":{"0":{"name":"addEmployeeService","decl":{"start":{"line":10,"column":0},"end":{"line":21,"column":1}},"loc":{"start":{"line":10,"column":0},"end":{"line":21,"column":1}},"line":10},"1":{"name":"getEmployeeDatabase","decl":{"start":{"line":23,"column":0},"end":{"line":25,"column":1}},"loc":{"start":{"line":23,"column":0},"end":{"line":25,"column":1}},"line":23}},"f":{"0":3,"1":4}}
,"/workspaces/Gerenciamento-estoque/services/addProductService.ts": {"path":"/workspaces/Gerenciamento-estoque/services/addProductService.ts","all":false,"statementMap":{"0":{"start":{"line":1,"column":0},"end":{"line":1,"column":54}},"1":{"start":{"line":2,"column":0},"end":{"line":2,"column":0}},"2":{"start":{"line":3,"column":0},"end":{"line":3,"column":26}},"3":{"start":{"line":4,"column":0},"end":{"line":4,"column":15}},"4":{"start":{"line":5,"column":0},"end":{"line":5,"column":17}},"5":{"start":{"line":6,"column":0},"end":{"line":6,"column":17}},"6":{"start":{"line":7,"column":0},"end":{"line":7,"column":24}},"7":{"start":{"line":8,"column":0},"end":{"line":8,"column":18}},"8":{"start":{"line":9,"column":0},"end":{"line":9,"column":1}},"9":{"start":{"line":10,"column":0},"end":{"line":10,"column":0}},"10":{"start":{"line":11,"column":0},"end":{"line":11,"column":36}},"11":{"start":{"line":12,"column":0},"end":{"line":12,"column":0}},"12":{"start":{"line":13,"column":0},"end":{"line":13,"column":108}},"13":{"start":{"line":14,"column":0},"end":{"line":14,"column":51}},"14":{"start":{"line":15,"column":0},"end":{"line":15,"column":83}},"15":{"start":{"line":16,"column":0},"end":{"line":16,"column":5}},"16":{"start":{"line":17,"column":0},"end":{"line":17,"column":33}},"17":{"start":{"line":18,"column":0},"end":{"line":18,"column":23}},"18":{"start":{"line":19,"column":0},"end":{"line":19,"column":13}},"19":{"start":{"line":20,"column":0},"end":{"line":20,"column":13}},"20":{"start":{"line":21,"column":0},"end":{"line":21,"column":20}},"21":{"start":{"line":22,"column":0},"end":{"line":22,"column":13}},"22":{"start":{"line":23,"column":0},"end":{"line":23,"column":6}},"23":{"start":{"line":24,"column":0},"end":{"line":24,"column":37}},"24":{"start":{"line":25,"column":0},"end":{"line":25,"column":22}},"25":{"start":{"line":26,"column":0},"end":{"line":26,"column":1}},"26":{"start":{"line":27,"column":0},"end":{"line":27,"column":0}},"27":{"start":{"line":28,"column":0},"end":{"line":28,"column":49}},"28":{"start":{"line":29,"column":0},"end":{"line":29,"column":27}},"29":{"start":{"line":30,"column":0},"end":{"line":30,"column":1}}},"s":{"0":1,"1":1,"2":1,"3":1,"4":1,"5":1,"6":1,"7":1,"8":1,"9":1,"10":1,"11":1,"12":5,"13":5,"14":4,"15":4,"16":1,"17":1,"18":1,"19":1,"20":1,"21":1,"22":1,"23":1,"24":1,"25":1,"26":1,"27":6,"28":6,"29":6},"branchMap":{"0":{"type":"branch","line":13,"loc":{"start":{"line":13,"column":0},"end":{"line":26,"column":1}},"locations":[{"start":{"line":13,"column":0},"end":{"line":26,"column":1}}]},"1":{"type":"branch","line":14,"loc":{"start":{"line":14,"column":13},"end":{"line":14,"column":22}},"locations":[{"start":{"line":14,"column":13},"end":{"line":14,"column":22}}]},"2":{"type":"branch","line":14,"loc":{"start":{"line":14,"column":22},"end":{"line":14,"column":38}},"locations":[{"start":{"line":14,"column":22},"end":{"line":14,"column":38}}]},"3":{"type":"branch","line":14,"loc":{"start":{"line":14,"column":38},"end":{"line":14,"column":48}},"locations":[{"start":{"line":14,"column":38},"end":{"line":14,"column":48}}]},"4":{"type":"branch","line":14,"loc":{"start":{"line":14,"column":50},"end":{"line":16,"column":5}},"locations":[{"start":{"line":14,"column":50},"end":{"line":16,"column":5}}]},"5":{"type":"branch","line":17,"loc":{"start":{"line":17,"column":-1},"end":{"line":26,"column":1}},"locations":[{"start":{"line":17,"column":-1},"end":{"line":26,"column":1}}]},"6":{"type":"branch","line":28,"loc":{"start":{"line":28,"column":0},"end":{"line":30,"column":1}},"locations":[{"start":{"line":28,"column":0},"end":{"line":30,"column":1}}]}},"b":{"0":[5],"1":[4],"2":[3],"3":[2],"4":[4],"5":[1],"6":[6]},"fnMap":{"0":{"name":"addProductService","decl":{"start":{"line":13,"column":0},"end":{"line":26,"column":1}},"loc":{"start":{"line":13,"column":0},"end":{"line":26,"column":1}},"line":13},"1":{"name":"getProductDatabase","decl":{"start":{"line":28,"column":0},"end":{"line":30,"column":1}},"loc":{"start":{"line":28,"column":0},"end":{"line":30,"column":1}},"line":28}},"f":{"0":5,"1":6}}
,"/workspaces/Gerenciamento-estoque/services/confirmDeleteUserService.ts": {"path":"/workspaces/Gerenciamento-estoque/services/confirmDeleteUserService.ts","all":false,"statementMap":{"0":{"start":{"line":1,"column":0},"end":{"line":1,"column":61}},"1":{"start":{"line":2,"column":0},"end":{"line":2,"column":0}},"2":{"start":{"line":3,"column":0},"end":{"line":3,"column":23}},"3":{"start":{"line":4,"column":0},"end":{"line":4,"column":15}},"4":{"start":{"line":5,"column":0},"end":{"line":5,"column":17}},"5":{"start":{"line":6,"column":0},"end":{"line":6,"column":18}},"6":{"start":{"line":7,"column":0},"end":{"line":7,"column":1}},"7":{"start":{"line":8,"column":0},"end":{"line":8,"column":0}},"8":{"start":{"line":9,"column":0},"end":{"line":9,"column":28}},"9":{"start":{"line":10,"column":0},"end":{"line":10,"column":65}},"10":{"start":{"line":11,"column":0},"end":{"line":11,"column":69}},"11":{"start":{"line":12,"column":0},"end":{"line":12,"column":74}},"12":{"start":{"line":13,"column":0},"end":{"line":13,"column":2}},"13":{"start":{"line":14,"column":0},"end":{"line":14,"column":0}},"14":{"start":{"line":15,"column":0},"end":{"line":15,"column":57}},"15":{"start":{"line":16,"column":0},"end":{"line":16,"column":69}},"16":{"start":{"line":17,"column":0},"end":{"line":17,"column":23}},"17":{"start":{"line":18,"column":0},"end":{"line":18,"column":38}},"18":{"start":{"line":19,"column":0},"end":{"line":19,"column":5}},"19":{"start":{"line":20,"column":0},"end":{"line":20,"column":1}},"20":{"start":{"line":21,"column":0},"end":{"line":21,"column":0}},"21":{"start":{"line":22,"column":0},"end":{"line":22,"column":43}},"22":{"start":{"line":23,"column":0},"end":{"line":23,"column":24}},"23":{"start":{"line":24,"column":0},"end":{"line":24,"column":1}}},"s":{"0":1,"1":1,"2":1,"3":1,"4":1,"5":1,"6":1,"7":1,"8":1,"9":1,"10":1,"11":1,"12":1,"13":1,"14":2,"15":2,"16":2,"17":1,"18":1,"19":2,"20":1,"21":6,"22":6,"23":6},"branchMap":{"0":{"type":"branch","line":15,"loc":{"start":{"line":15,"column":0},"end":{"line":20,"column":1}},"locations":[{"start":{"line":15,"column":0},"end":{"line":20,"column":1}}]},"1":{"type":"branch","line":17,"loc":{"start":{"line":17,"column":22},"end":{"line":19,"column":5}},"locations":[{"start":{"line":17,"column":22},"end":{"line":19,"column":5}}]},"2":{"type":"branch","line":16,"loc":{"start":{"line":16,"column":41},"end":{"line":16,"column":67}},"locations":[{"start":{"line":16,"column":41},"end":{"line":16,"column":67}}]},"3":{"type":"branch","line":22,"loc":{"start":{"line":22,"column":0},"end":{"line":24,"column":1}},"locations":[{"start":{"line":22,"column":0},"end":{"line":24,"column":1}}]}},"b":{"0":[2],"1":[1],"2":[5],"3":[6]},"fnMap":{"0":{"name":"confirmDeleteUser","decl":{"start":{"line":15,"column":0},"end":{"line":20,"column":1}},"loc":{"start":{"line":15,"column":0},"end":{"line":20,"column":1}},"line":15},"1":{"name":"getUserDatabase","decl":{"start":{"line":22,"column":0},"end":{"line":24,"column":1}},"loc":{"start":{"line":22,"column":0},"end":{"line":24,"column":1}},"line":22}},"f":{"0":2,"1":6}}
,"/workspaces/Gerenciamento-estoque/services/createUserService.ts": {"path":"/workspaces/Gerenciamento-estoque/services/createUserService.ts","all":false,"statementMap":{"0":{"start":{"line":1,"column":0},"end":{"line":1,"column":54}},"1":{"start":{"line":2,"column":0},"end":{"line":2,"column":23}},"2":{"start":{"line":3,"column":0},"end":{"line":3,"column":15}},"3":{"start":{"line":4,"column":0},"end":{"line":4,"column":17}},"4":{"start":{"line":5,"column":0},"end":{"line":5,"column":18}},"5":{"start":{"line":6,"column":0},"end":{"line":6,"column":1}},"6":{"start":{"line":7,"column":0},"end":{"line":7,"column":0}},"7":{"start":{"line":8,"column":0},"end":{"line":8,"column":70}},"8":{"start":{"line":9,"column":0},"end":{"line":9,"column":26}},"9":{"start":{"line":10,"column":0},"end":{"line":10,"column":55}},"10":{"start":{"line":11,"column":0},"end":{"line":11,"column":5}},"11":{"start":{"line":12,"column":0},"end":{"line":12,"column":12}},"12":{"start":{"line":13,"column":0},"end":{"line":13,"column":76}},"13":{"start":{"line":14,"column":0},"end":{"line":14,"column":19}},"14":{"start":{"line":15,"column":0},"end":{"line":15,"column":20}},"15":{"start":{"line":16,"column":0},"end":{"line":16,"column":6}},"16":{"start":{"line":17,"column":0},"end":{"line":17,"column":1}}},"s":{"0":1,"1":1,"2":1,"3":1,"4":1,"5":1,"6":1,"7":3,"8":3,"9":2,"10":2,"11":1,"12":1,"13":1,"14":1,"15":1,"16":1},"branchMap":{"0":{"type":"branch","line":8,"loc":{"start":{"line":8,"column":0},"end":{"line":17,"column":1}},"locations":[{"start":{"line":8,"column":0},"end":{"line":17,"column":1}}]},"1":{"type":"branch","line":9,"loc":{"start":{"line":9,"column":13},"end":{"line":9,"column":23}},"locations":[{"start":{"line":9,"column":13},"end":{"line":9,"column":23}}]},"2":{"type":"branch","line":9,"loc":{"start":{"line":9,"column":25},"end":{"line":11,"column":5}},"locations":[{"start":{"line":9,"column":25},"end":{"line":11,"column":5}}]},"3":{"type":"branch","line":12,"loc":{"start":{"line":12,"column":-1},"end":{"line":17,"column":1}},"locations":[{"start":{"line":12,"column":-1},"end":{"line":17,"column":1}}]}},"b":{"0":[3],"1":[2],"2":[2],"3":[1]},"fnMap":{"0":{"name":"createUserService","decl":{"start":{"line":8,"column":0},"end":{"line":17,"column":1}},"loc":{"start":{"line":8,"column":0},"end":{"line":17,"column":1}},"line":8}},"f":{"0":3}}
,"/workspaces/Gerenciamento-estoque/services/editProductService.ts": {"path":"/workspaces/Gerenciamento-estoque/services/editProductService.ts","all":false,"statementMap":{"0":{"start":{"line":1,"column":0},"end":{"line":1,"column":55}},"1":{"start":{"line":2,"column":0},"end":{"line":2,"column":0}},"2":{"start":{"line":3,"column":0},"end":{"line":3,"column":26}},"3":{"start":{"line":4,"column":0},"end":{"line":4,"column":15}},"4":{"start":{"line":5,"column":0},"end":{"line":5,"column":17}},"5":{"start":{"line":6,"column":0},"end":{"line":6,"column":17}},"6":{"start":{"line":7,"column":0},"end":{"line":7,"column":24}},"7":{"start":{"line":8,"column":0},"end":{"line":8,"column":18}},"8":{"start":{"line":9,"column":0},"end":{"line":9,"column":1}},"9":{"start":{"line":10,"column":0},"end":{"line":10,"column":0}},"10":{"start":{"line":11,"column":0},"end":{"line":11,"column":34}},"11":{"start":{"line":12,"column":0},"end":{"line":12,"column":101}},"12":{"start":{"line":13,"column":0},"end":{"line":13,"column":101}},"13":{"start":{"line":14,"column":0},"end":{"line":14,"column":100}},"14":{"start":{"line":15,"column":0},"end":{"line":15,"column":2}},"15":{"start":{"line":16,"column":0},"end":{"line":16,"column":0}},"16":{"start":{"line":17,"column":0},"end":{"line":17,"column":53}},"17":{"start":{"line":18,"column":0},"end":{"line":18,"column":70}},"18":{"start":{"line":19,"column":0},"end":{"line":19,"column":23}},"19":{"start":{"line":20,"column":0},"end":{"line":20,"column":48}},"20":{"start":{"line":21,"column":0},"end":{"line":21,"column":5}},"21":{"start":{"line":22,"column":0},"end":{"line":22,"column":1}},"22":{"start":{"line":23,"column":0},"end":{"line":23,"column":0}},"23":{"start":{"line":24,"column":0},"end":{"line":24,"column":49}},"24":{"start":{"line":25,"column":0},"end":{"line":25,"column":27}},"25":{"start":{"line":26,"column":0},"end":{"line":26,"column":1}}},"s":{"0":1,"1":1,"2":1,"3":1,"4":1,"5":1,"6":1,"7":1,"8":1,"9":1,"10":1,"11":1,"12":1,"13":1,"14":1,"15":1,"16":2,"17":2,"18":2,"19":1,"20":1,"21":2,"22":1,"23":6,"24":6,"25":6},"branchMap":{"0":{"type":"branch","line":17,"loc":{"start":{"line":17,"column":0},"end":{"line":22,"column":1}},"locations":[{"start":{"line":17,"column":0},"end":{"line":22,"column":1}}]},"1":{"type":"branch","line":19,"loc":{"start":{"line":19,"column":22},"end":{"line":21,"column":5}},"locations":[{"start":{"line":19,"column":22},"end":{"line":21,"column":5}}]},"2":{"type":"branch","line":18,"loc":{"start":{"line":18,"column":44},"end":{"line":18,"column":68}},"locations":[{"start":{"line":18,"column":44},"end":{"line":18,"column":68}}]},"3":{"type":"branch","line":24,"loc":{"start":{"line":24,"column":0},"end":{"line":26,"column":1}},"locations":[{"start":{"line":24,"column":0},"end":{"line":26,"column":1}}]}},"b":{"0":[2],"1":[1],"2":[5],"3":[6]},"fnMap":{"0":{"name":"editProduct","decl":{"start":{"line":17,"column":0},"end":{"line":22,"column":1}},"loc":{"start":{"line":17,"column":0},"end":{"line":22,"column":1}},"line":17},"1":{"name":"getProductDatabase","decl":{"start":{"line":24,"column":0},"end":{"line":26,"column":1}},"loc":{"start":{"line":24,"column":0},"end":{"line":26,"column":1}},"line":24}},"f":{"0":2,"1":6}}
,"/workspaces/Gerenciamento-estoque/services/loginService.ts": {"path":"/workspaces/Gerenciamento-estoque/services/loginService.ts","all":false,"statementMap":{"0":{"start":{"line":1,"column":0},"end":{"line":1,"column":18}},"1":{"start":{"line":2,"column":0},"end":{"line":2,"column":0}},"2":{"start":{"line":3,"column":0},"end":{"line":3,"column":27}},"3":{"start":{"line":4,"column":0},"end":{"line":4,"column":21}},"4":{"start":{"line":5,"column":0},"end":{"line":5,"column":21}},"5":{"start":{"line":6,"column":0},"end":{"line":6,"column":1}},"6":{"start":{"line":7,"column":0},"end":{"line":7,"column":0}},"7":{"start":{"line":8,"column":0},"end":{"line":8,"column":39}},"8":{"start":{"line":9,"column":0},"end":{"line":9,"column":51}},"9":{"start":{"line":10,"column":0},"end":{"line":10,"column":53}},"10":{"start":{"line":11,"column":0},"end":{"line":11,"column":2}},"11":{"start":{"line":12,"column":0},"end":{"line":12,"column":0}},"12":{"start":{"line":13,"column":0},"end":{"line":13,"column":83}},"13":{"start":{"line":14,"column":0},"end":{"line":14,"column":85}},"14":{"start":{"line":15,"column":0},"end":{"line":15,"column":107}},"15":{"start":{"line":16,"column":0},"end":{"line":16,"column":45}},"16":{"start":{"line":17,"column":0},"end":{"line":17,"column":1}}},"s":{"0":1,"1":1,"2":1,"3":1,"4":1,"5":1,"6":1,"7":1,"8":1,"9":1,"10":1,"11":1,"12":4,"13":4,"14":4,"15":4,"16":4},"branchMap":{"0":{"type":"branch","line":13,"loc":{"start":{"line":13,"column":0},"end":{"line":17,"column":1}},"locations":[{"start":{"line":13,"column":0},"end":{"line":17,"column":1}}]},"1":{"type":"branch","line":16,"loc":{"start":{"line":16,"column":20},"end":{"line":16,"column":38}},"locations":[{"start":{"line":16,"column":20},"end":{"line":16,"column":38}}]},"2":{"type":"branch","line":16,"loc":{"start":{"line":16,"column":38},"end":{"line":16,"column":44}},"locations":[{"start":{"line":16,"column":38},"end":{"line":16,"column":44}}]},"3":{"type":"branch","line":15,"loc":{"start":{"line":15,"column":44},"end":{"line":15,"column":105}},"locations":[{"start":{"line":15,"column":44},"end":{"line":15,"column":105}}]},"4":{"type":"branch","line":15,"loc":{"start":{"line":15,"column":76},"end":{"line":15,"column":105}},"locations":[{"start":{"line":15,"column":76},"end":{"line":15,"column":105}}]}},"b":{"0":[4],"1":[1],"2":[3],"3":[4],"4":[2]},"fnMap":{"0":{"name":"loginService","decl":{"start":{"line":13,"column":0},"end":{"line":17,"column":1}},"loc":{"start":{"line":13,"column":0},"end":{"line":17,"column":1}},"line":13}},"f":{"0":4}}
,"/workspaces/Gerenciamento-estoque/services/permissionService.ts": {"path":"/workspaces/Gerenciamento-estoque/services/permissionService.ts","all":false,"statementMap":{"0":{"start":{"line":1,"column":0},"end":{"line":1,"column":54}},"1":{"start":{"line":2,"column":0},"end":{"line":2,"column":0}},"2":{"start":{"line":3,"column":0},"end":{"line":3,"column":24}},"3":{"start":{"line":4,"column":0},"end":{"line":4,"column":20}},"4":{"start":{"line":5,"column":0},"end":{"line":5,"column":24}},"5":{"start":{"line":6,"column":0},"end":{"line":6,"column":25}},"6":{"start":{"line":7,"column":0},"end":{"line":7,"column":1}},"7":{"start":{"line":8,"column":0},"end":{"line":8,"column":0}},"8":{"start":{"line":9,"column":0},"end":{"line":9,"column":23}},"9":{"start":{"line":10,"column":0},"end":{"line":10,"column":15}},"10":{"start":{"line":11,"column":0},"end":{"line":11,"column":21}},"11":{"start":{"line":12,"column":0},"end":{"line":12,"column":27}},"12":{"start":{"line":13,"column":0},"end":{"line":13,"column":1}},"13":{"start":{"line":14,"column":0},"end":{"line":14,"column":0}},"14":{"start":{"line":15,"column":0},"end":{"line":15,"column":30}},"15":{"start":{"line":16,"column":0},"end":{"line":16,"column":5}},"16":{"start":{"line":17,"column":0},"end":{"line":17,"column":14}},"17":{"start":{"line":18,"column":0},"end":{"line":18,"column":26}},"18":{"start":{"line":19,"column":0},"end":{"line":19,"column":36}},"19":{"start":{"line":20,"column":0},"end":{"line":20,"column":6}},"20":{"start":{"line":21,"column":0},"end":{"line":21,"column":5}},"21":{"start":{"line":22,"column":0},"end":{"line":22,"column":14}},"22":{"start":{"line":23,"column":0},"end":{"line":23,"column":28}},"23":{"start":{"line":24,"column":0},"end":{"line":24,"column":38}},"24":{"start":{"line":25,"column":0},"end":{"line":25,"column":6}},"25":{"start":{"line":26,"column":0},"end":{"line":26,"column":5}},"26":{"start":{"line":27,"column":0},"end":{"line":27,"column":14}},"27":{"start":{"line":28,"column":0},"end":{"line":28,"column":29}},"28":{"start":{"line":29,"column":0},"end":{"line":29,"column":39}},"29":{"start":{"line":30,"column":0},"end":{"line":30,"column":5}},"30":{"start":{"line":31,"column":0},"end":{"line":31,"column":2}},"31":{"start":{"line":32,"column":0},"end":{"line":32,"column":0}},"32":{"start":{"line":33,"column":0},"end":{"line":33,"column":90}},"33":{"start":{"line":34,"column":0},"end":{"line":34,"column":71}},"34":{"start":{"line":35,"column":0},"end":{"line":35,"column":60}},"35":{"start":{"line":36,"column":0},"end":{"line":36,"column":1}}},"s":{"0":1,"1":1,"2":1,"3":1,"4":1,"5":1,"6":1,"7":1,"8":1,"9":1,"10":1,"11":1,"12":1,"13":1,"14":1,"15":1,"16":1,"17":1,"18":1,"19":1,"20":1,"21":1,"22":1,"23":1,"24":1,"25":1,"26":1,"27":1,"28":1,"29":1,"30":1,"31":1,"32":3,"33":3,"34":3,"35":3},"branchMap":{"0":{"type":"branch","line":3,"loc":{"start":{"line":3,"column":0},"end":{"line":7,"column":1}},"locations":[{"start":{"line":3,"column":0},"end":{"line":7,"column":1}}]},"1":{"type":"branch","line":33,"loc":{"start":{"line":33,"column":0},"end":{"line":36,"column":1}},"locations":[{"start":{"line":33,"column":0},"end":{"line":36,"column":1}}]},"2":{"type":"branch","line":35,"loc":{"start":{"line":35,"column":17},"end":{"line":35,"column":59}},"locations":[{"start":{"line":35,"column":17},"end":{"line":35,"column":59}}]},"3":{"type":"branch","line":34,"loc":{"start":{"line":34,"column":35},"end":{"line":34,"column":69}},"locations":[{"start":{"line":34,"column":35},"end":{"line":34,"column":69}}]}},"b":{"0":[1],"1":[3],"2":[2],"3":[7]},"fnMap":{"0":{"name":"hasPermission","decl":{"start":{"line":33,"column":0},"end":{"line":36,"column":1}},"loc":{"start":{"line":33,"column":0},"end":{"line":36,"column":1}},"line":33}},"f":{"0":3}}
,"/workspaces/Gerenciamento-estoque/services/productFormService.ts": {"path":"/workspaces/Gerenciamento-estoque/services/productFormService.ts","all":false,"statementMap":{"0":{"start":{"line":1,"column":0},"end":{"line":1,"column":55}},"1":{"start":{"line":2,"column":0},"end":{"line":2,"column":0}},"2":{"start":{"line":3,"column":0},"end":{"line":3,"column":34}},"3":{"start":{"line":4,"column":0},"end":{"line":4,"column":17}},"4":{"start":{"line":5,"column":0},"end":{"line":5,"column":17}},"5":{"start":{"line":6,"column":0},"end":{"line":6,"column":24}},"6":{"start":{"line":7,"column":0},"end":{"line":7,"column":18}},"7":{"start":{"line":8,"column":0},"end":{"line":8,"column":1}},"8":{"start":{"line":9,"column":0},"end":{"line":9,"column":0}},"9":{"start":{"line":10,"column":0},"end":{"line":10,"column":54}},"10":{"start":{"line":11,"column":0},"end":{"line":11,"column":12}},"11":{"start":{"line":12,"column":0},"end":{"line":12,"column":17}},"12":{"start":{"line":13,"column":0},"end":{"line":13,"column":17}},"13":{"start":{"line":14,"column":0},"end":{"line":14,"column":24}},"14":{"start":{"line":15,"column":0},"end":{"line":15,"column":16}},"15":{"start":{"line":16,"column":0},"end":{"line":16,"column":6}},"16":{"start":{"line":17,"column":0},"end":{"line":17,"column":1}}},"s":{"0":1,"1":1,"2":1,"3":1,"4":1,"5":1,"6":1,"7":1,"8":1,"9":1,"10":1,"11":1,"12":1,"13":1,"14":1,"15":1,"16":1},"branchMap":{"0":{"type":"branch","line":10,"loc":{"start":{"line":10,"column":0},"end":{"line":17,"column":1}},"locations":[{"start":{"line":10,"column":0},"end":{"line":17,"column":1}}]}},"b":{"0":[1]},"fnMap":{"0":{"name":"createProductForm","decl":{"start":{"line":10,"column":0},"end":{"line":17,"column":1}},"loc":{"start":{"line":10,"column":0},"end":{"line":17,"column":1}},"line":10}},"f":{"0":1}}
,"/workspaces/Gerenciamento-estoque/services/removeProductService.ts": {"path":"/workspaces/Gerenciamento-estoque/services/removeProductService.ts","all":false,"statementMap":{"0":{"start":{"line":1,"column":0},"end":{"line":1,"column":57}},"1":{"start":{"line":2,"column":0},"end":{"line":2,"column":0}},"2":{"start":{"line":3,"column":0},"end":{"line":3,"column":26}},"3":{"start":{"line":4,"column":0},"end":{"line":4,"column":15}},"4":{"start":{"line":5,"column":0},"end":{"line":5,"column":17}},"5":{"start":{"line":6,"column":0},"end":{"line":6,"column":21}},"6":{"start":{"line":7,"column":0},"end":{"line":7,"column":1}},"7":{"start":{"line":8,"column":0},"end":{"line":8,"column":0}},"8":{"start":{"line":9,"column":0},"end":{"line":9,"column":34}},"9":{"start":{"line":10,"column":0},"end":{"line":10,"column":49}},"10":{"start":{"line":11,"column":0},"end":{"line":11,"column":49}},"11":{"start":{"line":12,"column":0},"end":{"line":12,"column":48}},"12":{"start":{"line":13,"column":0},"end":{"line":13,"column":2}},"13":{"start":{"line":14,"column":0},"end":{"line":14,"column":0}},"14":{"start":{"line":15,"column":0},"end":{"line":15,"column":56}},"15":{"start":{"line":16,"column":0},"end":{"line":16,"column":81}},"16":{"start":{"line":17,"column":0},"end":{"line":17,"column":23}},"17":{"start":{"line":18,"column":0},"end":{"line":18,"column":41}},"18":{"start":{"line":19,"column":0},"end":{"line":19,"column":5}},"19":{"start":{"line":20,"column":0},"end":{"line":20,"column":1}},"20":{"start":{"line":21,"column":0},"end":{"line":21,"column":0}},"21":{"start":{"line":22,"column":0},"end":{"line":22,"column":49}},"22":{"start":{"line":23,"column":0},"end":{"line":23,"column":27}},"23":{"start":{"line":24,"column":0},"end":{"line":24,"column":1}}},"s":{"0":1,"1":1,"2":1,"3":1,"4":1,"5":1,"6":1,"7":1,"8":1,"9":1,"10":1,"11":1,"12":1,"13":1,"14":2,"15":2,"16":2,"17":1,"18":1,"19":2,"20":1,"21":6,"22":6,"23":6},"branchMap":{"0":{"type":"branch","line":15,"loc":{"start":{"line":15,"column":0},"end":{"line":20,"column":1}},"locations":[{"start":{"line":15,"column":0},"end":{"line":20,"column":1}}]},"1":{"type":"branch","line":17,"loc":{"start":{"line":17,"column":22},"end":{"line":19,"column":5}},"locations":[{"start":{"line":17,"column":22},"end":{"line":19,"column":5}}]},"2":{"type":"branch","line":16,"loc":{"start":{"line":16,"column":44},"end":{"line":16,"column":79}},"locations":[{"start":{"line":16,"column":44},"end":{"line":16,"column":79}}]},"3":{"type":"branch","line":22,"loc":{"start":{"line":22,"column":0},"end":{"line":24,"column":1}},"locations":[{"start":{"line":22,"column":0},"end":{"line":24,"column":1}}]}},"b":{"0":[2],"1":[1],"2":[5],"3":[6]},"fnMap":{"0":{"name":"removeProduct","decl":{"start":{"line":15,"column":0},"end":{"line":20,"column":1}},"loc":{"start":{"line":15,"column":0},"end":{"line":20,"column":1}},"line":15},"1":{"name":"getProductDatabase","decl":{"start":{"line":22,"column":0},"end":{"line":24,"column":1}},"loc":{"start":{"line":22,"column":0},"end":{"line":24,"column":1}},"line":22}},"f":{"0":2,"1":6}}
,"/workspaces/Gerenciamento-estoque/services/searchService.ts": {"path":"/workspaces/Gerenciamento-estoque/services/searchService.ts","all":false,"statementMap":{"0":{"start":{"line":1,"column":0},"end":{"line":1,"column":50}},"1":{"start":{"line":2,"column":0},"end":{"line":2,"column":0}},"2":{"start":{"line":3,"column":0},"end":{"line":3,"column":31}},"3":{"start":{"line":4,"column":0},"end":{"line":4,"column":15}},"4":{"start":{"line":5,"column":0},"end":{"line":5,"column":17}},"5":{"start":{"line":6,"column":0},"end":{"line":6,"column":22}},"6":{"start":{"line":7,"column":0},"end":{"line":7,"column":1}},"7":{"start":{"line":8,"column":0},"end":{"line":8,"column":0}},"8":{"start":{"line":9,"column":0},"end":{"line":9,"column":55}},"9":{"start":{"line":10,"column":0},"end":{"line":10,"column":57}},"10":{"start":{"line":11,"column":0},"end":{"line":11,"column":37}},"11":{"start":{"line":12,"column":0},"end":{"line":12,"column":55}},"12":{"start":{"line":13,"column":0},"end":{"line":13,"column":55}},"13":{"start":{"line":14,"column":0},"end":{"line":14,"column":55}},"14":{"start":{"line":15,"column":0},"end":{"line":15,"column":55}},"15":{"start":{"line":16,"column":0},"end":{"line":16,"column":54}},"16":{"start":{"line":17,"column":0},"end":{"line":17,"column":6}},"17":{"start":{"line":18,"column":0},"end":{"line":18,"column":0}},"18":{"start":{"line":19,"column":0},"end":{"line":19,"column":42}},"19":{"start":{"line":20,"column":0},"end":{"line":20,"column":54}},"20":{"start":{"line":21,"column":0},"end":{"line":21,"column":0}},"21":{"start":{"line":22,"column":0},"end":{"line":22,"column":19}},"22":{"start":{"line":23,"column":0},"end":{"line":23,"column":1}}},"s":{"0":1,"1":1,"2":1,"3":1,"4":1,"5":1,"6":1,"7":1,"8":1,"9":1,"10":1,"11":1,"12":1,"13":1,"14":1,"15":1,"16":1,"17":1,"18":1,"19":1,"20":1,"21":1,"22":1},"branchMap":{"0":{"type":"branch","line":9,"loc":{"start":{"line":9,"column":0},"end":{"line":23,"column":1}},"locations":[{"start":{"line":9,"column":0},"end":{"line":23,"column":1}}]},"1":{"type":"branch","line":20,"loc":{"start":{"line":20,"column":17},"end":{"line":20,"column":52}},"locations":[{"start":{"line":20,"column":17},"end":{"line":20,"column":52}}]}},"b":{"0":[1],"1":[4]},"fnMap":{"0":{"name":"search","decl":{"start":{"line":9,"column":0},"end":{"line":23,"column":1}},"loc":{"start":{"line":9,"column":0},"end":{"line":23,"column":1}},"line":9}},"f":{"0":1}}
,"/workspaces/Gerenciamento-estoque/services/updateProductDetailsService.ts": {"path":"/workspaces/Gerenciamento-estoque/services/updateProductDetailsService.ts","all":false,"statementMap":{"0":{"start":{"line":1,"column":0},"end":{"line":1,"column":64}},"1":{"start":{"line":2,"column":0},"end":{"line":2,"column":0}},"2":{"start":{"line":3,"column":0},"end":{"line":3,"column":26}},"3":{"start":{"line":4,"column":0},"end":{"line":4,"column":15}},"4":{"start":{"line":5,"column":0},"end":{"line":5,"column":17}},"5":{"start":{"line":6,"column":0},"end":{"line":6,"column":17}},"6":{"start":{"line":7,"column":0},"end":{"line":7,"column":24}},"7":{"start":{"line":8,"column":0},"end":{"line":8,"column":18}},"8":{"start":{"line":9,"column":0},"end":{"line":9,"column":1}},"9":{"start":{"line":10,"column":0},"end":{"line":10,"column":0}},"10":{"start":{"line":11,"column":0},"end":{"line":11,"column":34}},"11":{"start":{"line":12,"column":0},"end":{"line":12,"column":101}},"12":{"start":{"line":13,"column":0},"end":{"line":13,"column":101}},"13":{"start":{"line":14,"column":0},"end":{"line":14,"column":100}},"14":{"start":{"line":15,"column":0},"end":{"line":15,"column":2}},"15":{"start":{"line":16,"column":0},"end":{"line":16,"column":0}},"16":{"start":{"line":17,"column":0},"end":{"line":17,"column":97}},"17":{"start":{"line":18,"column":0},"end":{"line":18,"column":81}},"18":{"start":{"line":19,"column":0},"end":{"line":19,"column":23}},"19":{"start":{"line":20,"column":0},"end":{"line":20,"column":82}},"20":{"start":{"line":21,"column":0},"end":{"line":21,"column":5}},"21":{"start":{"line":22,"column":0},"end":{"line":22,"column":1}},"22":{"start":{"line":23,"column":0},"end":{"line":23,"column":0}},"23":{"start":{"line":24,"column":0},"end":{"line":24,"column":49}},"24":{"start":{"line":25,"column":0},"end":{"line":25,"column":27}},"25":{"start":{"line":26,"column":0},"end":{"line":26,"column":1}}},"s":{"0":1,"1":1,"2":1,"3":1,"4":1,"5":1,"6":1,"7":1,"8":1,"9":1,"10":1,"11":1,"12":1,"13":1,"14":1,"15":1,"16":2,"17":2,"18":2,"19":1,"20":1,"21":2,"22":1,"23":6,"24":6,"25":6},"branchMap":{"0":{"type":"branch","line":17,"loc":{"start":{"line":17,"column":0},"end":{"line":22,"column":1}},"locations":[{"start":{"line":17,"column":0},"end":{"line":22,"column":1}}]},"1":{"type":"branch","line":19,"loc":{"start":{"line":19,"column":22},"end":{"line":21,"column":5}},"locations":[{"start":{"line":19,"column":22},"end":{"line":21,"column":5}}]},"2":{"type":"branch","line":18,"loc":{"start":{"line":18,"column":44},"end":{"line":18,"column":79}},"locations":[{"start":{"line":18,"column":44},"end":{"line":18,"column":79}}]},"3":{"type":"branch","line":24,"loc":{"start":{"line":24,"column":0},"end":{"line":26,"column":1}},"locations":[{"start":{"line":24,"column":0},"end":{"line":26,"column":1}}]}},"b":{"0":[2],"1":[1],"2":[5],"3":[6]},"fnMap":{"0":{"name":"updateProductDetails","decl":{"start":{"line":17,"column":0},"end":{"line":22,"column":1}},"loc":{"start":{"line":17,"column":0},"end":{"line":22,"column":1}},"line":17},"1":{"name":"getProductDatabase","decl":{"start":{"line":24,"column":0},"end":{"line":26,"column":1}},"loc":{"start":{"line":24,"column":0},"end":{"line":26,"column":1}},"line":24}},"f":{"0":2,"1":6}}
}
