TN:
SF:services/addEmployeeService.ts
FN:10,addEmployeeService
FN:23,getEmployeeDatabase
FNF:2
FNH:2
FNDA:3,addEmployeeService
FNDA:4,getEmployeeDatabase
DA:1,1
DA:2,1
DA:3,1
DA:4,1
DA:5,1
DA:6,1
DA:7,1
DA:8,1
DA:9,1
DA:10,3
DA:11,3
DA:12,2
DA:13,2
DA:14,1
DA:15,1
DA:16,1
DA:17,1
DA:18,1
DA:19,1
DA:20,1
DA:21,1
DA:22,1
DA:23,4
DA:24,4
DA:25,4
LF:25
LH:25
BRDA:10,0,0,3
BRDA:11,1,0,2
BRDA:11,2,0,2
BRDA:14,3,0,1
BRDA:23,4,0,4
BRF:5
BRH:5
end_of_record
TN:
SF:services/addProductService.ts
FN:13,addProductService
FN:28,getProductDatabase
FNF:2
FNH:2
FNDA:5,addProductService
FNDA:6,getProductDatabase
DA:1,1
DA:2,1
DA:3,1
DA:4,1
DA:5,1
DA:6,1
DA:7,1
DA:8,1
DA:9,1
DA:10,1
DA:11,1
DA:12,1
DA:13,5
DA:14,5
DA:15,4
DA:16,4
DA:17,1
DA:18,1
DA:19,1
DA:20,1
DA:21,1
DA:22,1
DA:23,1
DA:24,1
DA:25,1
DA:26,1
DA:27,1
DA:28,6
DA:29,6
DA:30,6
LF:30
LH:30
BRDA:13,0,0,5
BRDA:14,1,0,4
BRDA:14,2,0,3
BRDA:14,3,0,2
BRDA:14,4,0,4
BRDA:17,5,0,1
BRDA:28,6,0,6
BRF:7
BRH:7
end_of_record
TN:
SF:services/confirmDeleteUserService.ts
FN:15,confirmDeleteUser
FN:22,getUserDatabase
FNF:2
FNH:2
FNDA:2,confirmDeleteUser
FNDA:6,getUserDatabase
DA:1,1
DA:2,1
DA:3,1
DA:4,1
DA:5,1
DA:6,1
DA:7,1
DA:8,1
DA:9,1
DA:10,1
DA:11,1
DA:12,1
DA:13,1
DA:14,1
DA:15,2
DA:16,2
DA:17,2
DA:18,1
DA:19,1
DA:20,2
DA:21,1
DA:22,6
DA:23,6
DA:24,6
LF:24
LH:24
BRDA:15,0,0,2
BRDA:17,1,0,1
BRDA:16,2,0,5
BRDA:22,3,0,6
BRF:4
BRH:4
end_of_record
TN:
SF:services/createUserService.ts
FN:8,createUserService
FNF:1
FNH:1
FNDA:3,createUserService
DA:1,1
DA:2,1
DA:3,1
DA:4,1
DA:5,1
DA:6,1
DA:7,1
DA:8,3
DA:9,3
DA:10,2
DA:11,2
DA:12,1
DA:13,1
DA:14,1
DA:15,1
DA:16,1
DA:17,1
LF:17
LH:17
BRDA:8,0,0,3
BRDA:9,1,0,2
BRDA:9,2,0,2
BRDA:12,3,0,1
BRF:4
BRH:4
end_of_record
TN:
SF:services/editProductService.ts
FN:17,editProduct
FN:24,getProductDatabase
FNF:2
FNH:2
FNDA:2,editProduct
FNDA:6,getProductDatabase
DA:1,1
DA:2,1
DA:3,1
DA:4,1
DA:5,1
DA:6,1
DA:7,1
DA:8,1
DA:9,1
DA:10,1
DA:11,1
DA:12,1
DA:13,1
DA:14,1
DA:15,1
DA:16,1
DA:17,2
DA:18,2
DA:19,2
DA:20,1
DA:21,1
DA:22,2
DA:23,1
DA:24,6
DA:25,6
DA:26,6
LF:26
LH:26
BRDA:17,0,0,2
BRDA:19,1,0,1
BRDA:18,2,0,5
BRDA:24,3,0,6
BRF:4
BRH:4
end_of_record
TN:
SF:services/loginService.ts
FN:13,loginService
FNF:1
FNH:1
FNDA:4,loginService
DA:1,1
DA:2,1
DA:3,1
DA:4,1
DA:5,1
DA:6,1
DA:7,1
DA:8,1
DA:9,1
DA:10,1
DA:11,1
DA:12,1
DA:13,4
DA:14,4
DA:15,4
DA:16,4
DA:17,4
LF:17
LH:17
BRDA:13,0,0,4
BRDA:16,1,0,1
BRDA:16,2,0,3
BRDA:15,3,0,4
BRDA:15,4,0,2
BRF:5
BRH:5
end_of_record
TN:
SF:services/permissionService.ts
FN:33,hasPermission
FNF:1
FNH:1
FNDA:3,hasPermission
DA:1,1
DA:2,1
DA:3,1
DA:4,1
DA:5,1
DA:6,1
DA:7,1
DA:8,1
DA:9,1
DA:10,1
DA:11,1
DA:12,1
DA:13,1
DA:14,1
DA:15,1
DA:16,1
DA:17,1
DA:18,1
DA:19,1
DA:20,1
DA:21,1
DA:22,1
DA:23,1
DA:24,1
DA:25,1
DA:26,1
DA:27,1
DA:28,1
DA:29,1
DA:30,1
DA:31,1
DA:32,1
DA:33,3
DA:34,3
DA:35,3
DA:36,3
LF:36
LH:36
BRDA:3,0,0,1
BRDA:33,1,0,3
BRDA:35,2,0,2
BRDA:34,3,0,7
BRF:4
BRH:4
end_of_record
TN:
SF:services/productFormService.ts
FN:10,createProductForm
FNF:1
FNH:1
FNDA:1,createProductForm
DA:1,1
DA:2,1
DA:3,1
DA:4,1
DA:5,1
DA:6,1
DA:7,1
DA:8,1
DA:9,1
DA:10,1
DA:11,1
DA:12,1
DA:13,1
DA:14,1
DA:15,1
DA:16,1
DA:17,1
LF:17
LH:17
BRDA:10,0,0,1
BRF:1
BRH:1
end_of_record
TN:
SF:services/removeProductService.ts
FN:15,removeProduct
FN:22,getProductDatabase
FNF:2
FNH:2
FNDA:2,removeProduct
FNDA:6,getProductDatabase
DA:1,1
DA:2,1
DA:3,1
DA:4,1
DA:5,1
DA:6,1
DA:7,1
DA:8,1
DA:9,1
DA:10,1
DA:11,1
DA:12,1
DA:13,1
DA:14,1
DA:15,2
DA:16,2
DA:17,2
DA:18,1
DA:19,1
DA:20,2
DA:21,1
DA:22,6
DA:23,6
DA:24,6
LF:24
LH:24
BRDA:15,0,0,2
BRDA:17,1,0,1
BRDA:16,2,0,5
BRDA:22,3,0,6
BRF:4
BRH:4
end_of_record
TN:
SF:services/searchService.ts
FN:9,search
FNF:1
FNH:1
FNDA:1,search
DA:1,1
DA:2,1
DA:3,1
DA:4,1
DA:5,1
DA:6,1
DA:7,1
DA:8,1
DA:9,1
DA:10,1
DA:11,1
DA:12,1
DA:13,1
DA:14,1
DA:15,1
DA:16,1
DA:17,1
DA:18,1
DA:19,1
DA:20,1
DA:21,1
DA:22,1
DA:23,1
LF:23
LH:23
BRDA:9,0,0,1
BRDA:20,1,0,4
BRF:2
BRH:2
end_of_record
TN:
SF:services/updateProductDetailsService.ts
FN:17,updateProductDetails
FN:24,getProductDatabase
FNF:2
FNH:2
FNDA:2,updateProductDetails
FNDA:6,getProductDatabase
DA:1,1
DA:2,1
DA:3,1
DA:4,1
DA:5,1
DA:6,1
DA:7,1
DA:8,1
DA:9,1
DA:10,1
DA:11,1
DA:12,1
DA:13,1
DA:14,1
DA:15,1
DA:16,1
DA:17,2
DA:18,2
DA:19,2
DA:20,1
DA:21,1
DA:22,2
DA:23,1
DA:24,6
DA:25,6
DA:26,6
LF:26
LH:26
BRDA:17,0,0,2
BRDA:19,1,0,1
BRDA:18,2,0,5
BRDA:24,3,0,6
BRF:4
BRH:4
end_of_record
